{M, 1, ""},
{M, 1, "i915 0000:00:02.0:setting latency timer to 64"},
{W, 1, "", 0xc5100, 0x0, },
{M, 1, "[drm:intel_opregion_setup], graphic opregion physical addr:0x0"},
{M, 1, "[drm:intel_opregion_setup], ACPI OpRegion not supported!"},
{R, 1, "", 0x61208, 0x0, },
{R, 1, "", 0x6120c, 0x0, },
{W, 1, "", 0x61208, 0x19007d0, },
{W, 1, "", 0x6120c, 0x15e07d0, },
{W, 1, "", 0x100000, 0x0, },
{W, 1, "", 0x100008, 0x0, },
{W, 1, "", 0x100010, 0x0, },
{W, 1, "", 0x100018, 0x0, },
{W, 1, "", 0x100020, 0x0, },
{W, 1, "", 0x100028, 0x0, },
{W, 1, "", 0x100030, 0x0, },
{W, 1, "", 0x100038, 0x0, },
{W, 1, "", 0x100040, 0x0, },
{W, 1, "", 0x100048, 0x0, },
{W, 1, "", 0x100050, 0x0, },
{W, 1, "", 0x100058, 0x0, },
{W, 1, "", 0x100060, 0x0, },
{W, 1, "", 0x100068, 0x0, },
{W, 1, "", 0x100070, 0x0, },
{W, 1, "", 0x100078, 0x0, },
{R, 1, "", 0x145004, 0x600008, },
{R, 1, "", 0x145008, 0x600008, },
{M, 1, "i915 0000:00:02.0:irq 47 for MSI/MSI-X"},
{M, 1, "[drm] Supports vblank timestamp caching Rev 1 (10.10.2010)."},
{M, 1, "[drm] Driver supports precise vblank timestamp query."},
{M, 1, "[drm:intel_detect_pch], Found PatherPoint PCH"},
{M, 1, "[drm:parse_general_features], BDB_GENERAL_FEATURES int_tv_support 0 int_crt_support 1 lvds_use_ssc 0 lvds_ssc_freq 120 display_clock_mode 0"},
{M, 1, "[drm:parse_general_definitions], crt_ddc_bus_pin:2"},
{M, 1, "[drm:parse_lfp_panel_data], Found panel mode in BIOS VBT tables:"},
{M, 1, "[drm:drm_mode_debug_printmodeline], Modeline 0:\"1366x768\" 0 69300 1366 1414 1446 1456 768 771 777 793 0x8 0xa"},
{M, 1, "[drm:parse_sdvo_panel_data], Found SDVO panel mode in BIOS VBT tables:"},
{M, 1, "[drm:drm_mode_debug_printmodeline], Modeline 0:\"1600x1200\" 0 162000 1600 1664 1856 2160 1200 1201 1204 1250 0x8 0xa"},
{M, 1, "[drm:parse_sdvo_device_mapping], No SDVO device info is found in VBT"},
{M, 1, "[drm:intel_dsm_pci_probe], no _DSM method for intel device"},
{M, 1, "[drm:intel_init_display], Using MT version of forcewake"},
{R, 1, "", 0x145d10, 0x2010040c, },
{M, 1, "[drm:intel_modeset_init], 3 display pipes available."},
{R, 1, "", 0x70008, 0xd8000050, },
{W, 1, "", 0x70008, 0xc0000050, },
{R, 1, "", 0x71008, 0x0, },
{W, 1, "", 0x71008, 0x0, },
{R, 1, "", 0x72008, 0x0, },
{W, 1, "", 0x72008, 0x0, },
{R, 1, "", 0x70008, 0xc0000050, },
{W, 1, "", 0x70008, 0xc0000050, },
{R, 1, "", 0x71008, 0x0, },
{W, 1, "", 0x71008, 0x0, },
{R, 1, "", 0x72008, 0x0, },
{W, 1, "", 0x72008, 0x0, },
{R, 1, "", 0x70008, 0xc0000050, },
{W, 1, "", 0x70008, 0xc0000050, },
{R, 1, "", 0x71008, 0x0, },
{W, 1, "", 0x71008, 0x0, },
{R, 1, "", 0x72008, 0x0, },
{W, 1, "", 0x72008, 0x0, },
{W, 1, "", 0x41000, 0x80000000, },
{R, 1, "", 0xe1180, 0x80300302, },
{W, 1, "", 0xc5100, 0x3, },
{W, 1, "", 0xc5104, 0x460100a1, },
{R, 1, "", 0xc5108, 0x200, },
{R, 2, "", 0xc5108, 0x8200, },
{R, 1, "", 0xc5108, 0xca00, },
{R, 1, "", 0xc510c, 0xe9000a00, },
{R, 1, "", 0xc5108, 0xc200, },
{W, 1, "", 0xc5104, 0x48000000, },
{R, 1, "", 0xc5108, 0xc200, },
{R, 1, "", 0xc5108, 0x8800, },
{W, 1, "", 0xc5100, 0x0, },
{W, 1, "", 0xc5100, 0x3, },
{W, 1, "", 0xc5104, 0x468000a1, },
{R, 4, "", 0xc5108, 0x8200, },
{R, 1, "", 0xc5108, 0x8201, },
{R, 1, "", 0xc5108, 0x8202, },
{R, 1, "", 0xc5108, 0x8a04, },
{R, 1, "", 0xc510c, 0xffffff00, },
{R, 1, "", 0xc5108, 0x8205, },
{R, 1, "", 0xc5108, 0x8206, },
{R, 1, "", 0xc5108, 0x8207, },
{R, 1, "", 0xc5108, 0x8a09, },
{R, 1, "", 0xc510c, 0xffffff, },
{R, 1, "", 0xc5108, 0x8209, },
{R, 1, "", 0xc5108, 0x820a, },
{R, 1, "", 0xc5108, 0x820b, },
{R, 1, "", 0xc5108, 0x8a0d, },
{R, 1, "", 0xc510c, 0x315caf06, },
{R, 1, "", 0xc5108, 0x820d, },
{R, 1, "", 0xc5108, 0x820e, },
{R, 1, "", 0xc5108, 0x820f, },
{R, 1, "", 0xc5108, 0x8a14, },
{R, 1, "", 0xc510c, 0x0, },
{R, 1, "", 0xc5108, 0x8a14, },
{R, 1, "", 0xc510c, 0x3011400, },
{R, 1, "", 0xc5108, 0x8214, },
{R, 1, "", 0xc5108, 0x8215, },
{R, 1, "", 0xc5108, 0x8216, },
{R, 1, "", 0xc5108, 0x8217, },
{R, 1, "", 0xc5108, 0x8a1c, },
{R, 1, "", 0xc510c, 0x780e1a80, },
{R, 1, "", 0xc5108, 0x8a1c, },
{R, 1, "", 0xc510c, 0x9585990a, },
{R, 1, "", 0xc5108, 0x821c, },
{R, 1, "", 0xc5108, 0x821d, },
{R, 1, "", 0xc5108, 0x821e, },
{R, 1, "", 0xc5108, 0x8a20, },
{R, 1, "", 0xc510c, 0x28925655, },
{R, 1, "", 0xc5108, 0x8220, },
{R, 1, "", 0xc5108, 0x8221, },
{R, 1, "", 0xc5108, 0x8223, },
{R, 1, "", 0xc5108, 0x8a24, },
{R, 1, "", 0xc510c, 0x545022, },
{R, 1, "", 0xc5108, 0x8224, },
{R, 1, "", 0xc5108, 0x8225, },
{R, 1, "", 0xc5108, 0x8226, },
{R, 1, "", 0xc5108, 0x8a28, },
{R, 1, "", 0xc510c, 0x1010000, },
{R, 1, "", 0xc5108, 0x8228, },
{R, 1, "", 0xc5108, 0x8229, },
{R, 1, "", 0xc5108, 0x822b, },
{R, 1, "", 0xc5108, 0x8a2c, },
{R, 1, "", 0xc510c, 0x1010101, },
{R, 1, "", 0xc5108, 0x822c, },
{R, 1, "", 0xc5108, 0x822d, },
{R, 1, "", 0xc5108, 0x822e, },
{R, 1, "", 0xc5108, 0x822f, },
{R, 1, "", 0xc5108, 0x8a31, },
{R, 1, "", 0xc510c, 0x1010101, },
{R, 1, "", 0xc5108, 0x8231, },
{R, 1, "", 0xc5108, 0x8232, },
{R, 1, "", 0xc5108, 0x8233, },
{R, 1, "", 0xc5108, 0x8a35, },
{R, 1, "", 0xc510c, 0x1010101, },
{R, 1, "", 0xc5108, 0x8235, },
{R, 1, "", 0xc5108, 0x8236, },
{R, 1, "", 0xc5108, 0x8237, },
{M, 1, "usbcore:registered new interface driver btusb"},
{R, 1, "", 0xc5108, 0x8a39, },
{R, 1, "", 0xc510c, 0x1b120101, },
{R, 1, "", 0xc5108, 0x8239, },
{R, 1, "", 0xc5108, 0x823a, },
{R, 1, "", 0xc5108, 0x8a3c, },
{R, 1, "", 0xc510c, 0x505a56, },
{R, 1, "", 0xc5108, 0x823c, },
{R, 1, "", 0xc5108, 0x823d, },
{R, 1, "", 0xc5108, 0x823e, },
{R, 1, "", 0xc5108, 0x8a40, },
{R, 1, "", 0xc510c, 0x20303019, },
{R, 1, "", 0xc5108, 0x8240, },
{R, 1, "", 0xc5108, 0x8a48, },
{R, 1, "", 0xc510c, 0x90000036, },
{R, 1, "", 0xc5108, 0x8a48, },
{R, 1, "", 0xc510c, 0x18000010, },
{R, 1, "", 0xc5108, 0x8248, },
{R, 1, "", 0xc5108, 0x8249, },
{R, 1, "", 0xc5108, 0x824a, },
{R, 1, "", 0xc5108, 0x824b, },
{R, 1, "", 0xc5108, 0x8a4d, },
{R, 1, "", 0xc510c, 0xf000000, },
{R, 1, "", 0xc5108, 0x824d, },
{R, 1, "", 0xc5108, 0x824e, },
{R, 1, "", 0xc5108, 0x824f, },
{M, 1, "usbcore:registered new interface driver ath3k"},
{R, 1, "", 0xc5108, 0x8a51, },
{R, 1, "", 0xc510c, 0x0, },
{R, 1, "", 0xc5108, 0x8251, },
{R, 1, "", 0xc5108, 0x8252, },
{R, 1, "", 0xc5108, 0x8a54, },
{R, 1, "", 0xc510c, 0x0, },
{R, 1, "", 0xc5108, 0x8254, },
{R, 1, "", 0xc5108, 0x8255, },
{R, 1, "", 0xc5108, 0x8256, },
{R, 1, "", 0xc5108, 0x8a58, },
{R, 1, "", 0xc510c, 0x0, },
{R, 1, "", 0xc5108, 0x8258, },
{R, 1, "", 0xc5108, 0x8259, },
{R, 1, "", 0xc5108, 0x825a, },
{R, 1, "", 0xc5108, 0x825b, },
{R, 1, "", 0xc5108, 0x8a5d, },
{R, 1, "", 0xc510c, 0x2000, },
{R, 1, "", 0xc5108, 0x825d, },
{R, 1, "", 0xc5108, 0x825e, },
{R, 1, "", 0xc5108, 0x825f, },
{R, 1, "", 0xc5108, 0x8a61, },
{R, 1, "", 0xc510c, 0x4100fe00, },
{R, 1, "", 0xc5108, 0x8261, },
{R, 1, "", 0xc5108, 0x8262, },
{R, 1, "", 0xc5108, 0x8a64, },
{R, 1, "", 0xc510c, 0x200a4f55, },
{R, 1, "", 0xc5108, 0x8264, },
{R, 1, "", 0xc5108, 0x8265, },
{R, 1, "", 0xc5108, 0x8266, },
{R, 1, "", 0xc5108, 0x8a68, },
{R, 1, "", 0xc510c, 0x20202020, },
{R, 1, "", 0xc5108, 0x8268, },
{R, 1, "", 0xc5108, 0x8269, },
{R, 1, "", 0xc5108, 0x826a, },
{R, 1, "", 0xc5108, 0x8a6c, },
{R, 1, "", 0xc510c, 0x20202020, },
{R, 1, "", 0xc5108, 0x826c, },
{R, 1, "", 0xc5108, 0x826d, },
{R, 1, "", 0xc5108, 0x826e, },
{R, 1, "", 0xc5108, 0x826f, },
{R, 1, "", 0xc5108, 0x8a71, },
{R, 1, "", 0xc510c, 0xfe000000, },
{R, 1, "", 0xc5108, 0x8271, },
{R, 1, "", 0xc5108, 0x8272, },
{R, 1, "", 0xc5108, 0x8273, },
{R, 1, "", 0xc5108, 0x8a74, },
{R, 1, "", 0xc510c, 0x31314200, },
{R, 1, "", 0xc5108, 0x8274, },
{R, 1, "", 0xc5108, 0x8a7c, },
{R, 1, "", 0xc510c, 0x30575836, },
{R, 1, "", 0xc5108, 0x8a7c, },
{R, 1, "", 0xc510c, 0x31562033, },
{R, 1, "", 0xc5108, 0x827c, },
{R, 1, "", 0xc5108, 0x827d, },
{R, 1, "", 0xc5108, 0x827e, },
{R, 1, "", 0xc5108, 0x827f, },
{R, 1, "", 0xc5108, 0xca00, },
{R, 1, "", 0xc510c, 0xe9000a20, },
{R, 1, "", 0xc5108, 0xc200, },
{W, 1, "", 0xc5104, 0x48000000, },
{R, 1, "", 0xc5108, 0xc200, },
{R, 1, "", 0xc5108, 0x8800, },
{W, 1, "", 0xc5100, 0x0, },
{R, 1, "", 0xe1180, 0x80300302, },
{R, 1, "", 0x48250, 0x80000000, },
{W, 1, "", 0x48250, 0x80000000, },
{R, 1, "", 0xc8250, 0x80000000, },
{W, 1, "", 0xc8250, 0x80000000, },
{R, 1, "", 0xc7204, 0x3, },
{W, 1, "", 0xc7204, 0xabcd0003, },
{R, 1, "", 0x48254, 0x1312, },
{M, 1, "[drm:intel_panel_get_backlight], get backlight PWM = 4882"},
{R, 1, "", 0xc8254, 0x13121312, },
{M, 1, "[drm:intel_panel_get_max_backlight], max backlight PWM = 4882"},
{R, 1, "", 0x48254, 0x1312, },
{M, 1, "[drm:intel_panel_get_backlight], get backlight PWM = 4882"},
{R, 1, "", 0x64000, 0x18, },
{R, 1, "", 0xe1100, 0x40000, },
{W, 1, "", 0xe1100, 0xf40000, },
{M, 1, "[drm:intel_crt_init], pch crt adpa set to 0xf40000"},
{R, 1, "", 0xe1140, 0x1c, },
{W, 1, "", 0xc5100, 0x0, },
{M, 1, "[drm:intel_sdvo_read_byte], i2c transfer returned -6"},
{M, 1, "[drm:intel_sdvo_init], No SDVO device found on SDVOB"},
{W, 1, "", 0xe0200, 0x0, },
{W, 1, "", 0xe1200, 0x0, },
{W, 1, "", 0xe2200, 0x0, },
{R, 1, "", 0xe4100, 0x4, },
{M, 1, "[drm:intel_dp_i2c_init], i2c_init DPDDC-B"},
{R, 1, "", 0xe4110, 0x144003e, },
{W, 1, "", 0xe4114, 0x40000000, },
{W, 1, "", 0xe4110, 0xd235003f, },
{R, 5, "", 0xe4110, 0x8145003f, },
{R, 1, "", 0xe4110, 0x5145003f, },
{W, 1, "", 0xe4110, 0x5345003f, },
{W, 1, "", 0xe4114, 0x40000000, },
{W, 1, "", 0xe4110, 0xd235003f, },
{R, 5, "", 0xe4110, 0x8145003f, },
{R, 1, "", 0xe4110, 0x5145003f, },
{W, 1, "", 0xe4110, 0x5345003f, },
{W, 1, "", 0xe4114, 0x40000000, },
{W, 1, "", 0xe4110, 0xd235003f, },
{R, 5, "", 0xe4110, 0x8145003f, },
{R, 1, "", 0xe4110, 0x5145003f, },
{W, 1, "", 0xe4110, 0x5345003f, },
{W, 1, "", 0xe4114, 0x40000000, },
{W, 1, "", 0xe4110, 0xd235003f, },
{R, 5, "", 0xe4110, 0x8145003f, },
{R, 1, "", 0xe4110, 0x5145003f, },
{W, 1, "", 0xe4110, 0x5345003f, },
{W, 1, "", 0xe4114, 0x40000000, },
{W, 1, "", 0xe4110, 0xd235003f, },
{R, 5, "", 0xe4110, 0x8145003f, },
{R, 1, "", 0xe4110, 0x5145003f, },
{W, 1, "", 0xe4110, 0x5345003f, },
{M, 1, "[drm:intel_dp_aux_ch], dp_aux_ch timeout status 0x5145003f"},
{M, 1, "[drm:intel_dp_i2c_aux_ch], aux_ch failed -110"},
{R, 1, "", 0xe4110, 0x145003f, },
{W, 1, "", 0xe4114, 0x0, },
{W, 1, "", 0xe4110, 0xd235003f, },
{R, 5, "", 0xe4110, 0x8145003f, },
{R, 1, "", 0xe4110, 0x5145003f, },
{W, 1, "", 0xe4110, 0x5345003f, },
{W, 1, "", 0xe4114, 0x0, },
{W, 1, "", 0xe4110, 0xd235003f, },
{R, 5, "", 0xe4110, 0x8145003f, },
{R, 1, "", 0xe4110, 0x5145003f, },
{W, 1, "", 0xe4110, 0x5345003f, },
{W, 1, "", 0xe4114, 0x0, },
{W, 1, "", 0xe4110, 0xd235003f, },
{R, 5, "", 0xe4110, 0x8145003f, },
{R, 1, "", 0xe4110, 0x5145003f, },
{W, 1, "", 0xe4110, 0x5345003f, },
{W, 1, "", 0xe4114, 0x0, },
{W, 1, "", 0xe4110, 0xd235003f, },
{R, 5, "", 0xe4110, 0x8145003f, },
{R, 1, "", 0xe4110, 0x5145003f, },
{W, 1, "", 0xe4110, 0x5345003f, },
{W, 1, "", 0xe4114, 0x0, },
{W, 1, "", 0xe4110, 0xd235003f, },
{R, 5, "", 0xe4110, 0x8145003f, },
{R, 1, "", 0xe4110, 0x5145003f, },
{W, 1, "", 0xe4110, 0x5345003f, },
{M, 1, "[drm:intel_dp_aux_ch], dp_aux_ch timeout status 0x5145003f"},
{M, 1, "[drm:intel_dp_i2c_aux_ch], aux_ch failed -110"},
{R, 1, "", 0xe1150, 0x18, },
{R, 1, "", 0xe1160, 0x18, },
{R, 1, "", 0xe4200, 0x0, },
{R, 1, "", 0xe4300, 0x0, },
{M, 1, "[drm:intel_panel_actually_set_backlight], set backlight PWM = 0"},
{R, 1, "", 0x48254, 0x1312, },
{W, 1, "", 0x48254, 0x0, },
{R, 1, "", 0xc7204, 0xabcd0003, },
{W, 1, "", 0xc7204, 0xabcd0002, },
{R, 1, "", 0xc7200, 0xc0000008, },
{R, 1345, "", 0xc7200, 0xe0000003, },
{R, 331, "", 0xc7200, 0xe0000002, },
{R, 1, "", 0xc7200, 0x48000001, },
{R, 1, "", 0xe1180, 0x80300302, },
{W, 1, "", 0xe1180, 0x300302, },
{R, 1, "", 0xe1100, 0xf40000, },
{W, 1, "", 0xe1100, 0xf40c00, },
{R, 1, "", 0xe1140, 0x1c, },
{W, 3, "", 0xe1140, 0x1c, },
{R, 1, "", 0xe0200, 0x900, },
{W, 1, "", 0xe0200, 0x900, },
{R, 1, "", 0xe1200, 0x900, },
{W, 1, "", 0xe1200, 0x900, },
{R, 2, "", 0xe4100, 0x4, },
{M, 1, "[drm:ironlake_crtc_dpms], crtc 0/0 dpms off"},
{W, 1, "", 0x44004, 0x1, },
{R, 1, "", 0x70008, 0xc0000050, },
{R, 1, "", 0x70040, 0x150, },
{M, 1, "[drm:i915_get_vblank_timestamp], crtc 0 is disabled"},
{R, 1, "", 0x70008, 0xc0000050, },
{R, 1, "", 0x70040, 0x150, },
{R, 1, "", 0x70180, 0x94000000, },
{W, 1, "", 0x70180, 0x14000000, },
{R, 1, "", 0x70184, 0x0, },
{W, 1, "", 0x70184, 0x0, },
{R, 1, "", 0x7019c, 0x0, },
{W, 1, "", 0x7019c, 0x0, },
{R, 1, "", 0x70024, 0x0, },
{W, 1, "", 0x70024, 0x2, },
{R, 326, "", 0x70024, 0x0, },
{M, 1, "[drm:intel_wait_for_vblank], vblank wait timed out"},
{R, 1, "", 0x70180, 0x14000000, },
{R, 1, "", 0x70008, 0xc0000050, },
{W, 1, "", 0x70008, 0x40000050, },
{R, 66, "", 0x70008, 0x40000050, },
{R, 1, "", 0x70008, 0x50, },
{W, 1, "", 0x68080, 0x0, },
{W, 1, "", 0x68074, 0x0, },
{R, 1, "", 0x60100, 0x80044f02, },
{W, 1, "", 0x60100, 0x44f02, },
{R, 1, "", 0xf000c, 0x80022f50, },
{R, 1, "", 0x70008, 0x50, },
{W, 1, "", 0xf000c, 0x22f50, },
{R, 1, "", 0xc2000, 0x0, },
{W, 2, "", 0xc2000, 0x0, },
{R, 1, "", 0x60100, 0x44f00, },
{W, 1, "", 0x60100, 0x44f00, },
{R, 1, "", 0xf000c, 0x22f50, },
{R, 1, "", 0x70008, 0x50, },
{W, 1, "", 0xf000c, 0x22c50, },
{R, 1, "", 0xc7204, 0xabcd0002, },
{W, 1, "", 0xc7204, 0xabcd0002, },
{R, 1, "", 0xe4100, 0x4, },
{R, 1, "", 0xe4200, 0x0, },
{R, 1, "", 0xe4300, 0x0, },
{R, 1, "", 0xe1100, 0xf40000, },
{R, 1, "", 0xe1180, 0x300302, },
{R, 1, "", 0xe1140, 0x1c, },
{R, 1, "", 0xe1150, 0x18, },
{R, 1, "", 0xe1160, 0x18, },
{R, 1, "", 0x60100, 0x44f00, },
{R, 1, "", 0xf000c, 0x22c50, },
{R, 1, "", 0xe4100, 0x4, },
{R, 1, "", 0xe4200, 0x0, },
{R, 1, "", 0xe4300, 0x0, },
{R, 1, "", 0xe1100, 0xf40000, },
{R, 1, "", 0xe1180, 0x300302, },
{R, 1, "", 0xe1140, 0x1c, },
{R, 1, "", 0xe1150, 0x18, },
{R, 1, "", 0xe1160, 0x18, },
{R, 1, "", 0xf0008, 0xc0000000, },
{W, 1, "", 0xf0008, 0x40000000, },
{R, 115, "", 0xf0008, 0x40000000, },
{R, 1, "", 0xf0008, 0x0, },
{R, 1, "", 0xe0300, 0x60000418, },
{W, 1, "", 0xe0300, 0x60000418, },
{R, 1, "", 0xc7000, 0x8, },
{W, 1, "", 0xc7000, 0x0, },
{R, 1, "", 0xf0008, 0x0, },
{R, 1, "", 0xc7000, 0x0, },
{R, 1, "", 0xc6014, 0x88040004, },
{W, 1, "", 0xc6014, 0x8040004, },
{R, 1, "", 0xf000c, 0x22c50, },
{W, 1, "", 0xf000c, 0x22c40, },
{R, 1, "", 0x60100, 0x44f00, },
{W, 1, "", 0x60100, 0x40f00, },
{R, 1, "", 0xf000c, 0x22c40, },
{W, 1, "", 0xf000c, 0x20c40, },
{R, 1, "", 0x145d10, 0x2010040c, },
{W, 1, "", 0x45110, 0x0, },
{W, 1, "", 0x4510c, 0x0, },
{W, 1, "", 0x45108, 0x0, },
{M, 1, "[drm:intel_update_fbc], "},
{R, 1, "", 0x3c, 0x0, },
{R, 1, "", 0x70180, 0x14000000, },
{R, 1, "", 0x70008, 0x50, },
{M, 1, "[drm:ironlake_crtc_dpms], crtc 1/1 dpms off"},
{W, 1, "", 0x44004, 0x21, },
{R, 1, "", 0x71008, 0x0, },
{M, 1, "[drm:gm45_get_vblank_counter], trying to get vblank count for disabled pipe B"},
{M, 1, "[drm:i915_get_vblank_timestamp], crtc 1 is disabled"},
{R, 1, "", 0x71008, 0x0, },
{M, 1, "[drm:gm45_get_vblank_counter], trying to get vblank count for disabled pipe B"},
{R, 2, "", 0x71180, 0x0, },
{R, 1, "", 0x71008, 0x0, },
{W, 1, "", 0x68880, 0x0, },
{W, 1, "", 0x68874, 0x0, },
{R, 1, "", 0x61100, 0x40000, },
{W, 1, "", 0x61100, 0x40000, },
{R, 1, "", 0xf100c, 0x40, },
{R, 1, "", 0x71008, 0x0, },
{W, 1, "", 0xf100c, 0x40, },
{R, 1, "", 0xc2000, 0x0, },
{W, 2, "", 0xc2000, 0x0, },
{R, 1, "", 0x61100, 0x40000, },
{W, 1, "", 0x61100, 0x40000, },
{R, 1, "", 0xf100c, 0x40, },
{R, 1, "", 0x71008, 0x0, },
{W, 1, "", 0xf100c, 0x40, },
{R, 1, "", 0xc7204, 0xabcd0002, },
{W, 1, "", 0xc7204, 0xabcd0002, },
{R, 1, "", 0xe4100, 0x4, },
{R, 1, "", 0xe4200, 0x0, },
{R, 1, "", 0xe4300, 0x0, },
{R, 1, "", 0xe1100, 0xf40000, },
{R, 1, "", 0xe1180, 0x300302, },
{R, 1, "", 0xe1140, 0x1c, },
{R, 1, "", 0xe1150, 0x18, },
{R, 1, "", 0xe1160, 0x18, },
{R, 1, "", 0x61100, 0x40000, },
{R, 1, "", 0xf100c, 0x40, },
{R, 1, "", 0xe4100, 0x4, },
{R, 1, "", 0xe4200, 0x0, },
{R, 1, "", 0xe4300, 0x0, },
{R, 1, "", 0xe1100, 0xf40000, },
{R, 1, "", 0xe1180, 0x300302, },
{R, 1, "", 0xe1140, 0x1c, },
{R, 1, "", 0xe1150, 0x18, },
{R, 1, "", 0xe1160, 0x18, },
{R, 1, "", 0xf1008, 0x0, },
{W, 1, "", 0xf1008, 0x0, },
{R, 1, "", 0xf1008, 0x0, },
{R, 1, "", 0xe1300, 0x60000018, },
{W, 1, "", 0xe1300, 0x60000018, },
{R, 1, "", 0xc7000, 0x0, },
{W, 1, "", 0xc7000, 0x0, },
{R, 1, "", 0xf1008, 0x0, },
{R, 1, "", 0xc7000, 0x0, },
{R, 1, "", 0xc6018, 0x4800080, },
{W, 1, "", 0xc6018, 0x4800080, },
{R, 1, "", 0xf100c, 0x40, },
{W, 1, "", 0xf100c, 0x40, },
{R, 1, "", 0x61100, 0x40000, },
{W, 1, "", 0x61100, 0x40000, },
{R, 1, "", 0xf100c, 0x40, },
{W, 1, "", 0xf100c, 0x40, },
{R, 1, "", 0x145d10, 0x2010040c, },
{W, 1, "", 0x45110, 0x0, },
{W, 1, "", 0x4510c, 0x0, },
{W, 1, "", 0x45108, 0x0, },
{M, 1, "[drm:intel_update_fbc], "},
{R, 1, "", 0x3c, 0x0, },
{R, 1, "", 0x71180, 0x0, },
{R, 1, "", 0x71008, 0x0, },
{M, 1, "[drm:ironlake_crtc_dpms], crtc 2/2 dpms off"},
{R, 1, "", 0x72008, 0x0, },
{M, 1, "[drm:gm45_get_vblank_counter], trying to get vblank count for disabled pipe C"},
{M, 1, "[drm:i915_get_vblank_timestamp], crtc 2 is disabled"},
{R, 1, "", 0x72008, 0x0, },
{M, 1, "[drm:gm45_get_vblank_counter], trying to get vblank count for disabled pipe C"},
{R, 2, "", 0x72180, 0x0, },
{R, 1, "", 0x72008, 0x0, },
{W, 1, "", 0x69080, 0x0, },
{W, 1, "", 0x69074, 0x0, },
{R, 1, "", 0x62100, 0x40000, },
{W, 1, "", 0x62100, 0x40000, },
{R, 1, "", 0xf200c, 0x40, },
{R, 1, "", 0x72008, 0x0, },
{W, 1, "", 0xf200c, 0x40, },
{R, 1, "", 0xc2000, 0x0, },
{W, 2, "", 0xc2000, 0x0, },
{R, 1, "", 0x62100, 0x40000, },
{W, 1, "", 0x62100, 0x40000, },
{R, 1, "", 0xf200c, 0x40, },
{R, 1, "", 0x72008, 0x0, },
{W, 1, "", 0xf200c, 0x40, },
{R, 1, "", 0xc7204, 0xabcd0002, },
{W, 1, "", 0xc7204, 0xabcd0002, },
{R, 1, "", 0xe4100, 0x4, },
{R, 1, "", 0xe4200, 0x0, },
{R, 1, "", 0xe4300, 0x0, },
{R, 1, "", 0xe1100, 0xf40000, },
{R, 1, "", 0xe1180, 0x300302, },
{R, 1, "", 0xe1140, 0x1c, },
{R, 1, "", 0xe1150, 0x18, },
{R, 1, "", 0xe1160, 0x18, },
{R, 1, "", 0x62100, 0x40000, },
{R, 1, "", 0xf200c, 0x40, },
{R, 1, "", 0xe4100, 0x4, },
{R, 1, "", 0xe4200, 0x0, },
{R, 1, "", 0xe4300, 0x0, },
{R, 1, "", 0xe1100, 0xf40000, },
{R, 1, "", 0xe1180, 0x300302, },
{R, 1, "", 0xe1140, 0x1c, },
{R, 1, "", 0xe1150, 0x18, },
{R, 1, "", 0xe1160, 0x18, },
{R, 1, "", 0xf2008, 0x0, },
{W, 1, "", 0xf2008, 0x0, },
{R, 1, "", 0xf2008, 0x0, },
{R, 1, "", 0xe2300, 0x60000018, },
{W, 1, "", 0xe2300, 0x60000018, },
{R, 1, "", 0xc7000, 0x0, },
{W, 1, "", 0xc7000, 0x0, },
{R, 1, "", 0xf200c, 0x40, },
{W, 1, "", 0xf200c, 0x40, },
{R, 1, "", 0x62100, 0x40000, },
{W, 1, "", 0x62100, 0x40000, },
{R, 1, "", 0xf200c, 0x40, },
{W, 1, "", 0xf200c, 0x40, },
{R, 1, "", 0x145d10, 0x2010040c, },
{W, 1, "", 0x45110, 0x0, },
{W, 1, "", 0x4510c, 0x0, },
{W, 1, "", 0x45108, 0x0, },
{M, 1, "[drm:intel_update_fbc], "},
{R, 1, "", 0x3c, 0x0, },
{R, 1, "", 0x72180, 0x0, },
{R, 1, "", 0x72008, 0x0, },
{M, 1, "[drm:ironlake_init_pch_refclk], has_panel 1 has_lvds 1 has_pch_edp 0 has_cpu_edp 0 has_ck505 0"},
{R, 1, "", 0xc6200, 0x400, },
{W, 2, "", 0xc6200, 0x1400, },
{W, 1, "", 0x42020, 0x10000000, },
{W, 1, "", 0x45110, 0x0, },
{W, 1, "", 0x4510c, 0x0, },
{W, 1, "", 0x45108, 0x0, },
{W, 1, "", 0x9404, 0x2800, },
{W, 1, "", 0x42020, 0x10000000, },
{W, 1, "", 0x4200c, 0x24, },
{W, 1, "", 0x7010, 0x4000400, },
{W, 1, "", 0xb01c, 0x3c4fff8c, },
{W, 1, "", 0xb030, 0x20000000, },
{R, 1, "", 0x9030, 0x400, },
{W, 1, "", 0x9030, 0xc00, },
{R, 1, "", 0x70180, 0x14000000, },
{W, 1, "", 0x70180, 0x14004000, },
{R, 1, "", 0x70184, 0x0, },
{W, 1, "", 0x70184, 0x0, },
{R, 1, "", 0x7019c, 0x0, },
{W, 1, "", 0x7019c, 0x0, },
{R, 1, "", 0x71180, 0x0, },
{W, 1, "", 0x71180, 0x4000, },
{R, 1, "", 0x71184, 0x0, },
{W, 1, "", 0x71184, 0x0, },
{R, 1, "", 0x7119c, 0x0, },
{W, 1, "", 0x7119c, 0x0, },
{R, 1, "", 0x72180, 0x0, },
{W, 1, "", 0x72180, 0x4000, },
{R, 1, "", 0x72184, 0x0, },
{W, 1, "", 0x72184, 0x0, },
{R, 1, "", 0x7219c, 0x0, },
{W, 1, "", 0x7219c, 0x0, },
{W, 1, "", 0xc2020, 0x20000000, },
{R, 1, "", 0xc2004, 0x4, },
{W, 1, "", 0xc2004, 0x5, },
{W, 1, "", 0xf0064, 0x80000000, },
{W, 1, "", 0xf1064, 0x80000000, },
{W, 1, "", 0xf2064, 0x80000000, },
{R, 1, "", 0x145998, 0x70714, },
{R, 1, "", 0x145948, 0x729, },
{W, 1, "", 0xa094, 0x0, },
{R, 1, "", 0x120000, 0x0, },
{W, 1, "", 0xa090, 0x0, },
{W, 1, "", 0xa098, 0x3e80000, },
{W, 1, "", 0xa09c, 0x28001e, },
{W, 1, "", 0xa0a0, 0x1e, },
{W, 1, "", 0xa0a8, 0x1e848, },
{W, 1, "", 0xa0ac, 0x19, },
{W, 3, "", 0x54, 0xa, },
{W, 1, "", 0xa0b0, 0x0, },
{W, 1, "", 0xa0b4, 0x3e8, },
{W, 1, "", 0xa0b8, 0xc350, },
{W, 1, "", 0xa0bc, 0x249f0, },
{W, 1, "", 0xa0c0, 0xfa00, },
{M, 1, "[drm:intel_enable_rc6], RC6 and deep RC6 enabled"},
{M, 1, "[drm] Enabling RC6 states:RC6 on, RC6p on, RC6pp off"},
{W, 1, "", 0xa090, 0x88060000, },
{W, 1, "", 0xa010, 0xf4240, },
{W, 1, "", 0xa014, 0x12060000, },
{W, 1, "", 0xa02c, 0x4000, },
{W, 1, "", 0xa030, 0x4000, },
{W, 1, "", 0xa068, 0x186a0, },
{W, 1, "", 0xa06c, 0x4c4b40, },
{W, 1, "", 0xa070, 0xa, },
{W, 1, "", 0xa024, 0xb91, },
{R, 1, "", 0x138124, 0x0, },
{W, 1, "", 0x138128, 0x0, },
{W, 1, "", 0x138124, 0x80000008, },
{R, 2, "", 0x138124, 0x10, },
{W, 1, "", 0x138124, 0xc, },
{R, 1, "", 0x138128, 0x0, },
{R, 1, "", 0x138124, 0xc, },
{W, 1, "", 0xa008, 0x14000000, },
{W, 1, "", 0xa00c, 0x18000000, },
{W, 1, "", 0x4402c, 0x3000076, },
{W, 1, "", 0x44024, 0x0, },
{W, 1, "", 0xa168, 0x0, },
{W, 1, "", 0x138128, 0xf14, },
{W, 1, "", 0x138124, 0x80000008, },
{R, 1, "", 0x138124, 0x0, },
{W, 1, "", 0x138128, 0xe13, },
{W, 1, "", 0x138124, 0x80000008, },
{R, 1, "", 0x138124, 0x0, },
{W, 1, "", 0x138128, 0xd12, },
{W, 1, "", 0x138124, 0x80000008, },
{R, 1, "", 0x138124, 0x0, },
{W, 1, "", 0x138128, 0xc11, },
{W, 1, "", 0x138124, 0x80000008, },
{R, 1, "", 0x138124, 0x0, },
{W, 1, "", 0x138128, 0xb10, },
{W, 1, "", 0x138124, 0x80000008, },
{R, 1, "", 0x138124, 0x0, },
{W, 1, "", 0x138128, 0xb0f, },
{W, 1, "", 0x138124, 0x80000008, },
{R, 1, "", 0x138124, 0x0, },
{W, 1, "", 0x138128, 0x80e, },
{W, 1, "", 0x138124, 0x80000008, },
{R, 1, "", 0x138124, 0x0, },
{W, 1, "", 0x138128, 0x80d, },
{W, 1, "", 0x138124, 0x80000008, },
{R, 1, "", 0x138124, 0x0, },
{W, 1, "", 0x138128, 0x80c, },
{W, 1, "", 0x138124, 0x80000008, },
{R, 1, "", 0x138124, 0x0, },
{W, 1, "", 0x138128, 0x80b, },
{W, 1, "", 0x138124, 0x80000008, },
{R, 1, "", 0x138124, 0x0, },
{W, 1, "", 0x138128, 0x80a, },
{W, 1, "", 0x138124, 0x80000008, },
{R, 1, "", 0x138124, 0x0, },
{W, 1, "", 0x138128, 0x809, },
{W, 1, "", 0x138124, 0x80000008, },
{R, 1, "", 0x138124, 0x0, },
{W, 1, "", 0x138128, 0x808, },
{W, 1, "", 0x138124, 0x80000008, },
{R, 1, "", 0x138124, 0x0, },
{W, 1, "", 0x138128, 0x807, },
{W, 1, "", 0x138124, 0x80000008, },
{R, 1, "", 0x138124, 0x0, },
{R, 1, "", 0x45000, 0xd6661056, },
{W, 1, "", 0x45000, 0xd6663056, },
{R, 1, "", 0x101000, 0x0, },
{W, 1, "", 0x101000, 0x1, },
{W, 1, "", 0x4030, 0x200020, },
{W, 1, "", 0x4080, 0x0, },
{M, 1, "[drm:init_status_page], render ring hws offset:0x00000000"},
{W, 1, "", 0x203c, 0x0, },
{W, 1, "", 0x2034, 0x0, },
{W, 1, "", 0x2030, 0x0, },
{W, 1, "", 0x2038, 0x1000, },
{R, 1, "", 0x2034, 0x0, },
{W, 1, "", 0x203c, 0x1f001, },
{R, 1, "", 0x203c, 0x1f001, },
{R, 1, "", 0x2038, 0x1000, },
{R, 2, "", 0x2034, 0x0, },
{R, 1, "", 0x2030, 0x0, },
{W, 1, "", 0x209c, 0x400040, },
{W, 1, "", 0x229c, 0x28000800, },
{W, 1, "", 0x20c0, 0x800080, },
{W, 1, "", 0x4180, 0x22000, },
{M, 1, "[drm:init_status_page], gen6 bsd ring hws offset:0x00022000"},
{W, 1, "", 0x1203c, 0x0, },
{W, 1, "", 0x12034, 0x0, },
{W, 1, "", 0x12050, 0x10001, },
{W, 1, "", 0x12198, 0x0, },
{R, 1, "", 0x12050, 0x11, },
{W, 1, "", 0x12030, 0x0, },
{W, 1, "", 0x12050, 0x10000, },
{W, 1, "", 0x12038, 0x23000, },
{R, 1, "", 0x12034, 0x0, },
{W, 1, "", 0x1203c, 0x1f001, },
{R, 1, "", 0x1203c, 0x1f001, },
{R, 1, "", 0x12038, 0x23000, },
{R, 2, "", 0x12034, 0x0, },
{R, 1, "", 0x12030, 0x0, },
{W, 1, "", 0x4280, 0x43000, },
{M, 1, "[drm:init_status_page], blt ring hws offset:0x00043000"},
{W, 1, "", 0x2203c, 0x0, },
{W, 1, "", 0x22034, 0x0, },
{W, 1, "", 0x22030, 0x0, },
{W, 1, "", 0x22038, 0x44000, },
{R, 1, "", 0x22034, 0x0, },
{W, 1, "", 0x2203c, 0x1f001, },
{R, 1, "", 0x2203c, 0x1f001, },
{R, 1, "", 0x22038, 0x44000, },
{R, 2, "", 0x22034, 0x0, },
{R, 1, "", 0x22030, 0x0, },
{W, 1, "", 0x4090, 0x18, },
{W, 1, "", 0x229c, 0x2000200, },
{W, 1, "", 0x2220, 0xffffffff, },
{W, 1, "", 0x2228, 0x7fe00000, },
{W, 1, "", 0x1229c, 0x2000200, },
{W, 1, "", 0x12220, 0xffffffff, },
{W, 1, "", 0x12228, 0x7fe00000, },
{W, 1, "", 0x2229c, 0x2000200, },
{W, 1, "", 0x22220, 0xffffffff, },
{W, 1, "", 0x22228, 0x7fe00000, },
{W, 1, "", 0x2098, 0xeffe, },
{W, 1, "", 0x44004, 0xffffffff, },
{W, 1, "", 0x4400c, 0x0, },
{W, 1, "", 0x44014, 0xffffffff, },
{W, 1, "", 0x4401c, 0x0, },
{W, 1, "", 0xc4004, 0xffffffff, },
{W, 1, "", 0xc400c, 0x0, },
{R, 1, "", 0x44008, 0xa, },
{W, 1, "", 0x44008, 0xa, },
{W, 1, "", 0x44004, 0x4ffffef7, },
{W, 1, "", 0x4400c, 0xb0000129, },
{R, 1, "", 0x44018, 0x0, },
{W, 1, "", 0x44018, 0x0, },
{W, 1, "", 0x44014, 0xffffffff, },
{W, 1, "", 0x4401c, 0x401001, },
{R, 1, "", 0xc4008, 0x0, },
{W, 1, "", 0xc4008, 0x0, },
{W, 1, "", 0xc4004, 0xff17ffff, },
{W, 1, "", 0xc400c, 0xe80000, },
{R, 1, "", 0xc4030, 0x10, },
{W, 1, "", 0xc4030, 0x101010, },
{M, 1, "[drm:intel_panel_actually_set_backlight], set backlight PWM = 0"},
{R, 1, "", 0x48254, 0x0, },
{W, 1, "", 0x48254, 0x0, },
{R, 1, "", 0xc7204, 0xabcd0002, },
{W, 1, "", 0xc7204, 0xabcd0002, },
{R, 1, "", 0xc7200, 0x8000001, },
{R, 1, "", 0xe1180, 0x300302, },
{W, 1, "", 0xe1180, 0x300302, },
{R, 1, "", 0xe1100, 0xf40000, },
{W, 1, "", 0xe1100, 0xf40c00, },
{R, 1, "", 0xe1140, 0x1c, },
{W, 3, "", 0xe1140, 0x1c, },
{R, 1, "", 0xe0200, 0x900, },
{W, 1, "", 0xe0200, 0x900, },
{R, 1, "", 0xe1200, 0x900, },
{W, 1, "", 0xe1200, 0x900, },
{R, 1, "", 0xe4100, 0x4, },
{R, 1, "", 0x70180, 0x14004000, },
{R, 1, "", 0x70008, 0x50, },
{R, 1, "", 0x71180, 0x4000, },
{R, 1, "", 0x71008, 0x0, },
{R, 1, "", 0x72180, 0x4000, },
{R, 1, "", 0x72008, 0x0, },
{M, 1, "[drm:drm_helper_probe_single_connector_modes], [CONNECTOR:9:LVDS-1]"},
{M, 1, "[drm:drm_helper_probe_single_connector_modes], [CONNECTOR:9:LVDS-1] probed modes :"},
{M, 1, "[drm:drm_mode_debug_printmodeline], Modeline 23:\"1366x768\" 60 69300 1366 1414 1446 1456 768 771 777 793 0x48 0xa"},
{M, 1, "[drm:drm_helper_probe_single_connector_modes], [CONNECTOR:15:VGA-1]"},
{R, 1, "", 0xe1100, 0xf40000, },
{M, 1, "[drm:intel_ironlake_crt_detect_hotplug], trigger hotplug detect cycle:adpa=0xf40000"},
{W, 1, "", 0xe1100, 0xf50000, },
{R, 55, "", 0xe1100, 0xf50000, },
{R, 1, "", 0xe1100, 0xf40000, },
{W, 1, "", 0xe1100, 0xf40000, },
{R, 1, "", 0xe1100, 0xf40000, },
{M, 1, "[drm:intel_ironlake_crt_detect_hotplug], ironlake hotplug adpa=0xf40000, result 0"},
{M, 1, "[drm:intel_crt_detect], CRT not detected via hotplug"},
{M, 1, "[drm:drm_helper_probe_single_connector_modes], [CONNECTOR:15:VGA-1] disconnected"},
{M, 1, "[drm:drm_helper_probe_single_connector_modes], [CONNECTOR:18:HDMI-A-1]"},
{R, 1, "", 0xc4000, 0x1, },
{M, 1, "[drm:drm_helper_probe_single_connector_modes], [CONNECTOR:18:HDMI-A-1] disconnected"},
{M, 1, "[drm:drm_helper_probe_single_connector_modes], [CONNECTOR:21:DP-1]"},
{R, 1, "", 0xe4110, 0x145003f, },
{W, 1, "", 0xe4114, 0x9000000e, },
{W, 1, "", 0xe4110, 0xd245003f, },
{R, 5, "", 0xe4110, 0x8145003f, },
{R, 1, "", 0xe4110, 0x5145003f, },
{W, 1, "", 0xe4110, 0x5345003f, },
{W, 1, "", 0xe4114, 0x9000000e, },
{W, 1, "", 0xe4110, 0xd245003f, },
{R, 5, "", 0xe4110, 0x8145003f, },
{R, 1, "", 0xe4110, 0x5145003f, },
{W, 1, "", 0xe4110, 0x5345003f, },
{W, 1, "", 0xe4114, 0x9000000e, },
{W, 1, "", 0xe4110, 0xd245003f, },
{R, 5, "", 0xe4110, 0x8145003f, },
{R, 1, "", 0xe4110, 0x5145003f, },
{W, 1, "", 0xe4110, 0x5345003f, },
{W, 1, "", 0xe4114, 0x9000000e, },
{W, 1, "", 0xe4110, 0xd245003f, },
{R, 5, "", 0xe4110, 0x8145003f, },
{R, 1, "", 0xe4110, 0x5145003f, },
{W, 1, "", 0xe4110, 0x5345003f, },
{W, 1, "", 0xe4114, 0x9000000e, },
{W, 1, "", 0xe4110, 0xd245003f, },
{R, 5, "", 0xe4110, 0x8145003f, },
{R, 1, "", 0xe4110, 0x5145003f, },
{W, 1, "", 0xe4110, 0x5345003f, },
{M, 1, "[drm:intel_dp_aux_ch], dp_aux_ch timeout status 0x5145003f"},
{R, 1, "", 0xe4110, 0x145003f, },
{W, 1, "", 0xe4114, 0x9000000e, },
{W, 1, "", 0xe4110, 0xd245003f, },
{R, 5, "", 0xe4110, 0x8145003f, },
{R, 1, "", 0xe4110, 0x5145003f, },
{W, 1, "", 0xe4110, 0x5345003f, },
{W, 1, "", 0xe4114, 0x9000000e, },
{W, 1, "", 0xe4110, 0xd245003f, },
{R, 5, "", 0xe4110, 0x8145003f, },
{R, 1, "", 0xe4110, 0x5145003f, },
{W, 1, "", 0xe4110, 0x5345003f, },
{W, 1, "", 0xe4114, 0x9000000e, },
{W, 1, "", 0xe4110, 0xd245003f, },
{R, 5, "", 0xe4110, 0x8145003f, },
{R, 1, "", 0xe4110, 0x5145003f, },
{W, 1, "", 0xe4110, 0x5345003f, },
{W, 1, "", 0xe4114, 0x9000000e, },
{W, 1, "", 0xe4110, 0xd245003f, },
{R, 5, "", 0xe4110, 0x8145003f, },
{R, 1, "", 0xe4110, 0x5145003f, },
{W, 1, "", 0xe4110, 0x5345003f, },
{W, 1, "", 0xe4114, 0x9000000e, },
{W, 1, "", 0xe4110, 0xd245003f, },
{R, 5, "", 0xe4110, 0x8145003f, },
{R, 1, "", 0xe4110, 0x5145003f, },
{W, 1, "", 0xe4110, 0x5345003f, },
{M, 1, "[drm:intel_dp_aux_ch], dp_aux_ch timeout status 0x5145003f"},
{R, 1, "", 0xe4110, 0x145003f, },
{W, 1, "", 0xe4114, 0x9000000e, },
{W, 1, "", 0xe4110, 0xd245003f, },
{R, 5, "", 0xe4110, 0x8145003f, },
{R, 1, "", 0xe4110, 0x5145003f, },
{W, 1, "", 0xe4110, 0x5345003f, },
{W, 1, "", 0xe4114, 0x9000000e, },
{W, 1, "", 0xe4110, 0xd245003f, },
{R, 5, "", 0xe4110, 0x8145003f, },
{R, 1, "", 0xe4110, 0x5145003f, },
{W, 1, "", 0xe4110, 0x5345003f, },
{W, 1, "", 0xe4114, 0x9000000e, },
{W, 1, "", 0xe4110, 0xd245003f, },
{R, 5, "", 0xe4110, 0x8145003f, },
{R, 1, "", 0xe4110, 0x5145003f, },
{W, 1, "", 0xe4110, 0x5345003f, },
{W, 1, "", 0xe4114, 0x9000000e, },
{W, 1, "", 0xe4110, 0xd245003f, },
{R, 5, "", 0xe4110, 0x8145003f, },
{R, 1, "", 0xe4110, 0x5145003f, },
{W, 1, "", 0xe4110, 0x5345003f, },
{W, 1, "", 0xe4114, 0x9000000e, },
{W, 1, "", 0xe4110, 0xd245003f, },
{R, 5, "", 0xe4110, 0x8145003f, },
{R, 1, "", 0xe4110, 0x5145003f, },
{W, 1, "", 0xe4110, 0x5345003f, },
{M, 1, "[drm:intel_dp_aux_ch], dp_aux_ch timeout status 0x5145003f"},
{M, 1, "[drm:intel_dp_detect], DPCD:0000000000000000"},
{M, 1, "[drm:drm_helper_probe_single_connector_modes], [CONNECTOR:21:DP-1] disconnected"},
{M, 1, "[drm:drm_setup_crtcs], "},
{M, 1, "[drm:drm_enable_connectors], connector 9 enabled? yes"},
{M, 1, "[drm:drm_enable_connectors], connector 15 enabled? no"},
{M, 1, "[drm:drm_enable_connectors], connector 18 enabled? no"},
{M, 1, "[drm:drm_enable_connectors], connector 21 enabled? no"},
{M, 1, "[drm:drm_target_preferred], looking for cmdline mode on connector 9"},
{M, 1, "[drm:drm_target_preferred], looking for preferred mode on connector 9"},
{M, 1, "[drm:drm_target_preferred], found mode 1366x768"},
{M, 1, "[drm:drm_setup_crtcs], picking CRTCs for 8192x8192 config"},
{M, 1, "[drm:drm_setup_crtcs], desired mode 1366x768 set on crtc 3"},
{M, 1, "[drm:intelfb_create], allocated 1366x768 fb:0x00064000, bo ffff880146dfba00"},
{M, 1, "fbcon:inteldrmfb (fb0) is primary device"},
{M, 1, "Console:switching to colour frame buffer device 170x48"},
{M, 1, "fb0:inteldrmfb frame buffer device"},
{M, 1, "drm:registered panic notifier"},
{M, 1, "[drm] Initialized i915 1.6.0 20080730 for 0000:00:02.0 on minor 0"},
{M, 2, "[drm:i915_driver_open], "},
{M, 1, "[drm:i915_getparam], Unknown parameter 19"},
{M, 2, "[drm:drm_mode_getresources], CRTC[3] CONNECTORS[4] ENCODERS[4]"},
{M, 1, "[drm:drm_mode_getconnector], [CONNECTOR:9:?]"},
{M, 1, "[drm:drm_helper_probe_single_connector_modes], [CONNECTOR:9:LVDS-1]"},
{M, 1, "[drm:drm_helper_probe_single_connector_modes], [CONNECTOR:9:LVDS-1] probed modes :"},
{M, 1, "[drm:drm_mode_debug_printmodeline], Modeline 23:\"1366x768\" 60 69300 1366 1414 1446 1456 768 771 777 793 0x48 0xa"},
{M, 1, "[drm:drm_mode_getconnector], [CONNECTOR:9:?]"},
{M, 1, "[drm:drm_mode_getconnector], [CONNECTOR:15:?]"},
{M, 1, "[drm:drm_helper_probe_single_connector_modes], [CONNECTOR:15:VGA-1]"},
{M, 1, "[drm:intel_ironlake_crt_detect_hotplug], ironlake hotplug adpa=0xf40000, result 0"},
{M, 1, "[drm:intel_crt_detect], CRT not detected via hotplug"},
{M, 1, "[drm:drm_helper_probe_single_connector_modes], [CONNECTOR:15:VGA-1] disconnected"},
{M, 1, "[drm:drm_mode_getconnector], [CONNECTOR:15:?]"},
{M, 1, "[drm:drm_helper_probe_single_connector_modes], [CONNECTOR:15:VGA-1]"},
{M, 1, "[drm:intel_ironlake_crt_detect_hotplug], ironlake hotplug adpa=0xf40000, result 0"},
{M, 1, "[drm:intel_crt_detect], CRT not detected via hotplug"},
{M, 1, "[drm:drm_helper_probe_single_connector_modes], [CONNECTOR:15:VGA-1] disconnected"},
{M, 1, "[drm:drm_mode_getconnector], [CONNECTOR:18:?]"},
{M, 1, "[drm:drm_helper_probe_single_connector_modes], [CONNECTOR:18:HDMI-A-1]"},
{M, 1, "[drm:drm_helper_probe_single_connector_modes], [CONNECTOR:18:HDMI-A-1] disconnected"},
{M, 1, "[drm:drm_mode_getconnector], [CONNECTOR:18:?]"},
{M, 1, "[drm:drm_helper_probe_single_connector_modes], [CONNECTOR:18:HDMI-A-1]"},
{M, 1, "[drm:drm_helper_probe_single_connector_modes], [CONNECTOR:18:HDMI-A-1] disconnected"},
{M, 1, "[drm:drm_mode_getconnector], [CONNECTOR:21:?]"},
{M, 1, "[drm:drm_helper_probe_single_connector_modes], [CONNECTOR:21:DP-1]"},
{M, 3, "[drm:intel_dp_aux_ch], dp_aux_ch timeout status 0x5145003f"},
{M, 1, "[drm:intel_dp_detect], DPCD:0000000000000000"},
{M, 1, "[drm:drm_helper_probe_single_connector_modes], [CONNECTOR:21:DP-1] disconnected"},
{M, 1, "[drm:drm_mode_getconnector], [CONNECTOR:21:?]"},
{M, 1, "[drm:drm_helper_probe_single_connector_modes], [CONNECTOR:21:DP-1]"},
{M, 3, "[drm:intel_dp_aux_ch], dp_aux_ch timeout status 0x5145003f"},
{M, 1, "[drm:intel_dp_detect], DPCD:0000000000000000"},
{M, 1, "[drm:drm_helper_probe_single_connector_modes], [CONNECTOR:21:DP-1] disconnected"},
{M, 1, "[drm:drm_mode_getconnector], [CONNECTOR:0:?]"},
{M, 1, "[drm:drm_mode_getconnector], [CONNECTOR:9:?]"},
{M, 1, "[drm:drm_helper_probe_single_connector_modes], [CONNECTOR:9:LVDS-1]"},
{M, 1, "[drm:drm_helper_probe_single_connector_modes], [CONNECTOR:9:LVDS-1] probed modes :"},
{M, 1, "[drm:drm_mode_debug_printmodeline], Modeline 23:\"1366x768\" 60 69300 1366 1414 1446 1456 768 771 777 793 0x48 0xa"},
{M, 1, "[drm:drm_mode_getconnector], [CONNECTOR:9:?]"},
{M, 1, "[drm:drm_mode_getconnector], [CONNECTOR:15:?]"},
{M, 1, "[drm:drm_helper_probe_single_connector_modes], [CONNECTOR:15:VGA-1]"},
{M, 1, "[drm:intel_ironlake_crt_detect_hotplug], ironlake hotplug adpa=0xf40000, result 0"},
{M, 1, "[drm:intel_crt_detect], CRT not detected via hotplug"},
{M, 1, "[drm:drm_helper_probe_single_connector_modes], [CONNECTOR:15:VGA-1] disconnected"},
{M, 1, "[drm:drm_mode_getconnector], [CONNECTOR:15:?]"},
{M, 1, "[drm:drm_helper_probe_single_connector_modes], [CONNECTOR:15:VGA-1]"},
{M, 1, "[drm:intel_ironlake_crt_detect_hotplug], ironlake hotplug adpa=0xf40000, result 0"},
{M, 1, "[drm:intel_crt_detect], CRT not detected via hotplug"},
{M, 1, "[drm:drm_helper_probe_single_connector_modes], [CONNECTOR:15:VGA-1] disconnected"},
{M, 1, "[drm:drm_mode_getconnector], [CONNECTOR:18:?]"},
{M, 1, "[drm:drm_helper_probe_single_connector_modes], [CONNECTOR:18:HDMI-A-1]"},
{M, 1, "[drm:drm_helper_probe_single_connector_modes], [CONNECTOR:18:HDMI-A-1] disconnected"},
{M, 1, "[drm:drm_mode_getconnector], [CONNECTOR:18:?]"},
{M, 1, "[drm:drm_helper_probe_single_connector_modes], [CONNECTOR:18:HDMI-A-1]"},
{M, 1, "[drm:drm_helper_probe_single_connector_modes], [CONNECTOR:18:HDMI-A-1] disconnected"},
{M, 1, "[drm:drm_mode_getconnector], [CONNECTOR:21:?]"},
{M, 1, "[drm:drm_helper_probe_single_connector_modes], [CONNECTOR:21:DP-1]"},
{M, 3, "[drm:intel_dp_aux_ch], dp_aux_ch timeout status 0x5145003f"},
{M, 1, "psmouse serio4:synaptics:Touchpad model:1, fw:8.0, id:0x1e2b1, caps:0xd001a3/0x940300/0x123c00, board id:1917, fw id:864720"},
{M, 1, "psmouse serio4:synaptics:serio:Synaptics pass-through port at isa0060/serio4/input0"},
{M, 1, "[drm:intel_dp_detect], DPCD:0000000000000000"},
{M, 1, "[drm:drm_helper_probe_single_connector_modes], [CONNECTOR:21:DP-1] disconnected"},
{M, 1, "[drm:drm_mode_getconnector], [CONNECTOR:21:?]"},
{M, 1, "[drm:drm_helper_probe_single_connector_modes], [CONNECTOR:21:DP-1]"},
{M, 3, "[drm:intel_dp_aux_ch], dp_aux_ch timeout status 0x5145003f"},
{M, 1, "[drm:intel_dp_detect], DPCD:0000000000000000"},
{M, 1, "[drm:drm_helper_probe_single_connector_modes], [CONNECTOR:21:DP-1] disconnected"},
{M, 1, "[drm:drm_mode_addfb], [FB:25]"},
{M, 1, "[drm:drm_mode_setcrtc], [CRTC:3]"},
{M, 1, "[drm:drm_mode_setcrtc], [CONNECTOR:9:LVDS-1]"},
{M, 1, "[drm:drm_crtc_helper_set_config], "},
{M, 1, "[drm:drm_crtc_helper_set_config], [CRTC:3] [FB:25] #connectors=1 (x y) (0 0)"},
{M, 1, "[drm:drm_crtc_helper_set_config], crtc has no fb, full mode set"},
{M, 1, "[drm:drm_crtc_helper_set_config], modes are different, full mode set"},
{M, 1, "[drm:drm_mode_debug_printmodeline], Modeline 0:\"\" 0 0 0 0 0 0 0 0 0 0 0x0 0x0"},
{M, 1, "[drm:drm_mode_debug_printmodeline], Modeline 26:\"1366x768\" 0 69300 1366 1414 1446 1456 768 771 777 793 0x0 0xa"},
{M, 1, "[drm:drm_crtc_helper_set_config], encoder changed, full mode switch"},
{M, 1, "[drm:drm_crtc_helper_set_config], crtc changed, full mode switch"},
{M, 1, "[drm:drm_crtc_helper_set_config], [CONNECTOR:9:LVDS-1] to [CRTC:3]"},
{M, 1, "[drm:drm_crtc_helper_set_config], attempting to set mode from userspace"},
{M, 1, "[drm:drm_mode_debug_printmodeline], Modeline 26:\"1366x768\" 0 69300 1366 1414 1446 1456 768 771 777 793 0x0 0xa"},
{M, 1, "[drm:drm_crtc_helper_set_mode], [CRTC:3]"},
{M, 1, "[drm:intel_choose_pipe_bpp_dither], clamping display bpc (was -1) to LVDS (6)"},
{M, 1, "[drm:intel_choose_pipe_bpp_dither], setting pipe bpc to 8 (max display bpc 6)"},
{M, 1, "[drm:ironlake_crtc_mode_set], Mode for pipe 0:"},
{M, 1, "[drm:drm_mode_debug_printmodeline], Modeline 26:\"1366x768\" 0 69300 1366 1414 1446 1456 768 771 777 793 0x0 0xa"},
{M, 1, "input:SynPS/2 Synaptics TouchPad as /devices/platform/i8042/serio4/input/input5"},
{M, 1, "[drm:intel_wait_for_vblank], vblank wait timed out"},
{M, 1, "[drm:ironlake_update_plane], Writing base 0046C000 00000000 0 0 5632"},
{M, 1, "[drm:intel_update_fbc], "},
{M, 1, "[drm:sandybridge_update_wm], FIFO watermarks For pipe A - plane 8, cursor:6"},
{M, 1, "[drm:ironlake_check_srwm], watermark 1:display plane 11, fbc lines 3, cursor 6"},
{M, 1, "[drm:ironlake_check_srwm], watermark 2:display plane 37, fbc lines 3, cursor 6"},
{M, 1, "[drm:ironlake_check_srwm], watermark 3:display plane 72, fbc lines 3, cursor 6"},
{M, 1, "[drm:drm_crtc_helper_set_mode], [ENCODER:10:LVDS-10] set [MODE:26:1366x768]"},
{M, 1, "[drm:sandybridge_update_wm], FIFO watermarks For pipe A - plane 8, cursor:6"},
{M, 1, "[drm:ironlake_check_srwm], watermark 1:display plane 11, fbc lines 3, cursor 6"},
{M, 1, "[drm:ironlake_check_srwm], watermark 2:display plane 37, fbc lines 3, cursor 6"},
{M, 1, "[drm:ironlake_check_srwm], watermark 3:display plane 72, fbc lines 3, cursor 6"},
{M, 2, "[drm:intel_wait_for_vblank], vblank wait timed out"},
{M, 1, "[drm:ivb_manual_fdi_link_train], FDI_RX_IIR 0x700"},
{M, 1, "[drm:ivb_manual_fdi_link_train], FDI train 1 done."},
{M, 1, "[drm:ivb_manual_fdi_link_train], FDI_RX_IIR 0x600"},
{M, 1, "[drm:ivb_manual_fdi_link_train], FDI train 2 done."},
{M, 1, "[drm:ivb_manual_fdi_link_train], FDI train done."},
{M, 1, "[drm:intel_update_fbc], "},
{M, 1, "[drm:intel_prepare_page_flip], preparing flip with no unpin work?"},
{M, 1, "r8169 0000:04:00.0:eth0:unable to load firmware patch rtl_nic/rtl8168e-3.fw (-2)"},
{M, 1, "[drm:intel_panel_actually_set_backlight], set backlight PWM = 4882"},
{M, 1, "[drm:drm_crtc_helper_set_config], Setting connector DPMS state to on"},
{M, 1, "[drm:drm_crtc_helper_set_config], 	[CONNECTOR:9:LVDS-1] set DPMS on"},
{M, 2, "[drm:intel_panel_actually_set_backlight], set backlight PWM = 4882"},
{M, 1, "[drm:i915_getparam], Unknown parameter 19"},
{M, 1, "r8169 0000:04:00.0:eth0:link down"},
{M, 1, "ADDRCONF(NETDEV_UP):eth0:link is not ready"},
{M, 1, "init:disable_echo main process (69) killed by TERM signal"},
{M, 4, "[drm:i915_driver_open], "},
{M, 2, "[drm:drm_mode_getresources], CRTC[3] CONNECTORS[4] ENCODERS[4]"},
{M, 1, "[drm:drm_mode_getconnector], [CONNECTOR:9:?]"},
{M, 1, "[drm:drm_helper_probe_single_connector_modes], [CONNECTOR:9:LVDS-1]"},
{M, 1, "[drm:drm_helper_probe_single_connector_modes], [CONNECTOR:9:LVDS-1] probed modes :"},
{M, 1, "[drm:drm_mode_debug_printmodeline], Modeline 23:\"1366x768\" 60 69300 1366 1414 1446 1456 768 771 777 793 0x48 0xa"},
{M, 2, "[drm:drm_mode_getconnector], [CONNECTOR:9:?]"},
{M, 1, "[drm:drm_helper_probe_single_connector_modes], [CONNECTOR:9:LVDS-1]"},
{M, 1, "[drm:drm_helper_probe_single_connector_modes], [CONNECTOR:9:LVDS-1] probed modes :"},
{M, 1, "[drm:drm_mode_debug_printmodeline], Modeline 23:\"1366x768\" 60 69300 1366 1414 1446 1456 768 771 777 793 0x48 0xa"},
{M, 1, "[drm:drm_mode_getconnector], [CONNECTOR:9:?]"},
{M, 1, "[drm:drm_mode_getconnector], [CONNECTOR:15:?]"},
{M, 1, "[drm:drm_helper_probe_single_connector_modes], [CONNECTOR:15:VGA-1]"},
{M, 1, "[drm:intel_ironlake_crt_detect_hotplug], ironlake hotplug adpa=0xf40000, result 0"},
{M, 1, "[drm:intel_crt_detect], CRT not detected via hotplug"},
{M, 1, "[drm:drm_helper_probe_single_connector_modes], [CONNECTOR:15:VGA-1] disconnected"},
{M, 1, "[drm:drm_mode_getconnector], [CONNECTOR:15:?]"},
{M, 1, "[drm:drm_helper_probe_single_connector_modes], [CONNECTOR:15:VGA-1]"},
{M, 1, "[drm:intel_ironlake_crt_detect_hotplug], ironlake hotplug adpa=0xf40000, result 0"},
{M, 1, "[drm:intel_crt_detect], CRT not detected via hotplug"},
{M, 1, "[drm:drm_helper_probe_single_connector_modes], [CONNECTOR:15:VGA-1] disconnected"},
{M, 1, "[drm:drm_mode_getconnector], [CONNECTOR:18:?]"},
{M, 1, "[drm:drm_helper_probe_single_connector_modes], [CONNECTOR:18:HDMI-A-1]"},
{M, 1, "[drm:drm_helper_probe_single_connector_modes], [CONNECTOR:18:HDMI-A-1] disconnected"},
{M, 1, "[drm:drm_mode_getconnector], [CONNECTOR:18:?]"},
{M, 1, "[drm:drm_helper_probe_single_connector_modes], [CONNECTOR:18:HDMI-A-1]"},
{M, 1, "[drm:drm_helper_probe_single_connector_modes], [CONNECTOR:18:HDMI-A-1] disconnected"},
{M, 1, "[drm:drm_mode_getconnector], [CONNECTOR:21:?]"},
{M, 1, "[drm:drm_helper_probe_single_connector_modes], [CONNECTOR:21:DP-1]"},
{M, 3, "[drm:intel_dp_aux_ch], dp_aux_ch timeout status 0x5145003f"},
{M, 1, "[drm:intel_dp_detect], DPCD:0000000000000000"},
{M, 1, "[drm:drm_helper_probe_single_connector_modes], [CONNECTOR:21:DP-1] disconnected"},
{M, 1, "[drm:drm_mode_getconnector], [CONNECTOR:21:?]"},
{M, 1, "[drm:drm_helper_probe_single_connector_modes], [CONNECTOR:21:DP-1]"},
{M, 3, "[drm:intel_dp_aux_ch], dp_aux_ch timeout status 0x5145003f"},
{M, 1, "[drm:intel_dp_detect], DPCD:0000000000000000"},
{M, 1, "[drm:drm_helper_probe_single_connector_modes], [CONNECTOR:21:DP-1] disconnected"},
{M, 1, "[drm:drm_mode_getconnector], [CONNECTOR:9:?]"},
{M, 1, "[drm:drm_helper_probe_single_connector_modes], [CONNECTOR:9:LVDS-1]"},
{M, 1, "[drm:drm_helper_probe_single_connector_modes], [CONNECTOR:9:LVDS-1] probed modes :"},
{M, 1, "[drm:drm_mode_debug_printmodeline], Modeline 23:\"1366x768\" 60 69300 1366 1414 1446 1456 768 771 777 793 0x48 0xa"},
{M, 1, "[drm:drm_mode_getconnector], [CONNECTOR:9:?]"},
{M, 1, "[drm:drm_mode_getconnector], [CONNECTOR:15:?]"},
{M, 1, "[drm:drm_helper_probe_single_connector_modes], [CONNECTOR:15:VGA-1]"},
{M, 1, "[drm:intel_ironlake_crt_detect_hotplug], ironlake hotplug adpa=0xf40000, result 0"},
{M, 1, "[drm:intel_crt_detect], CRT not detected via hotplug"},
{M, 1, "[drm:drm_helper_probe_single_connector_modes], [CONNECTOR:15:VGA-1] disconnected"},
{M, 1, "[drm:drm_mode_getconnector], [CONNECTOR:15:?]"},
{M, 1, "[drm:drm_helper_probe_single_connector_modes], [CONNECTOR:15:VGA-1]"},
{M, 1, "[drm:intel_ironlake_crt_detect_hotplug], ironlake hotplug adpa=0xf40000, result 0"},
{M, 1, "[drm:intel_crt_detect], CRT not detected via hotplug"},
{M, 1, "[drm:drm_helper_probe_single_connector_modes], [CONNECTOR:15:VGA-1] disconnected"},
{M, 1, "[drm:drm_mode_getconnector], [CONNECTOR:18:?]"},
{M, 1, "[drm:drm_helper_probe_single_connector_modes], [CONNECTOR:18:HDMI-A-1]"},
{M, 1, "[drm:drm_helper_probe_single_connector_modes], [CONNECTOR:18:HDMI-A-1] disconnected"},
{M, 1, "[drm:drm_mode_getconnector], [CONNECTOR:18:?]"},
{M, 1, "[drm:drm_helper_probe_single_connector_modes], [CONNECTOR:18:HDMI-A-1]"},
{M, 1, "[drm:drm_helper_probe_single_connector_modes], [CONNECTOR:18:HDMI-A-1] disconnected"},
{M, 1, "[drm:drm_mode_getconnector], [CONNECTOR:21:?]"},
{M, 1, "[drm:drm_helper_probe_single_connector_modes], [CONNECTOR:21:DP-1]"},
{M, 3, "[drm:intel_dp_aux_ch], dp_aux_ch timeout status 0x5145003f"},
{M, 1, "[drm:intel_dp_detect], DPCD:0000000000000000"},
{M, 1, "[drm:drm_helper_probe_single_connector_modes], [CONNECTOR:21:DP-1] disconnected"},
{M, 1, "[drm:drm_mode_getconnector], [CONNECTOR:21:?]"},
{M, 1, "[drm:drm_helper_probe_single_connector_modes], [CONNECTOR:21:DP-1]"},
{M, 3, "[drm:intel_dp_aux_ch], dp_aux_ch timeout status 0x5145003f"},
{M, 1, "[drm:intel_dp_detect], DPCD:0000000000000000"},
{M, 1, "[drm:drm_helper_probe_single_connector_modes], [CONNECTOR:21:DP-1] disconnected"},
{M, 1, "[drm:drm_mode_getconnector], [CONNECTOR:9:?]"},
{M, 1, "[drm:drm_helper_probe_single_connector_modes], [CONNECTOR:9:LVDS-1]"},
{M, 1, "[drm:drm_helper_probe_single_connector_modes], [CONNECTOR:9:LVDS-1] probed modes :"},
{M, 1, "[drm:drm_mode_debug_printmodeline], Modeline 23:\"1366x768\" 60 69300 1366 1414 1446 1456 768 771 777 793 0x48 0xa"},
{M, 1, "[drm:drm_mode_getconnector], [CONNECTOR:9:?]"},
{M, 1, "[drm:drm_mode_getconnector], [CONNECTOR:15:?]"},
{M, 1, "[drm:drm_helper_probe_single_connector_modes], [CONNECTOR:15:VGA-1]"},
{M, 1, "[drm:intel_ironlake_crt_detect_hotplug], ironlake hotplug adpa=0xf40000, result 0"},
{M, 1, "[drm:intel_crt_detect], CRT not detected via hotplug"},
{M, 1, "[drm:drm_helper_probe_single_connector_modes], [CONNECTOR:15:VGA-1] disconnected"},
{M, 1, "[drm:drm_mode_getconnector], [CONNECTOR:15:?]"},
{M, 1, "[drm:drm_helper_probe_single_connector_modes], [CONNECTOR:15:VGA-1]"},
{M, 1, "[drm:intel_ironlake_crt_detect_hotplug], ironlake hotplug adpa=0xf40000, result 0"},
{M, 1, "[drm:intel_crt_detect], CRT not detected via hotplug"},
{M, 1, "[drm:drm_helper_probe_single_connector_modes], [CONNECTOR:15:VGA-1] disconnected"},
{M, 1, "[drm:drm_mode_getconnector], [CONNECTOR:18:?]"},
{M, 1, "[drm:drm_helper_probe_single_connector_modes], [CONNECTOR:18:HDMI-A-1]"},
{M, 1, "[drm:drm_helper_probe_single_connector_modes], [CONNECTOR:18:HDMI-A-1] disconnected"},
{M, 1, "[drm:drm_mode_getconnector], [CONNECTOR:18:?]"},
{M, 1, "[drm:drm_helper_probe_single_connector_modes], [CONNECTOR:18:HDMI-A-1]"},
{M, 1, "[drm:drm_helper_probe_single_connector_modes], [CONNECTOR:18:HDMI-A-1] disconnected"},
{M, 1, "[drm:drm_mode_getconnector], [CONNECTOR:21:?]"},
{M, 1, "[drm:drm_helper_probe_single_connector_modes], [CONNECTOR:21:DP-1]"},
{M, 3, "[drm:intel_dp_aux_ch], dp_aux_ch timeout status 0x5145003f"},
{M, 1, "[drm:intel_dp_detect], DPCD:0000000000000000"},
{M, 1, "[drm:drm_helper_probe_single_connector_modes], [CONNECTOR:21:DP-1] disconnected"},
{M, 1, "[drm:drm_mode_getconnector], [CONNECTOR:21:?]"},
{M, 1, "[drm:drm_helper_probe_single_connector_modes], [CONNECTOR:21:DP-1]"},
{M, 3, "[drm:intel_dp_aux_ch], dp_aux_ch timeout status 0x5145003f"},
{M, 1, "[drm:intel_dp_detect], DPCD:0000000000000000"},
{M, 1, "[drm:drm_helper_probe_single_connector_modes], [CONNECTOR:21:DP-1] disconnected"},
{M, 1, "[drm:drm_mode_getconnector], [CONNECTOR:9:?]"},
{M, 1, "[drm:drm_helper_probe_single_connector_modes], [CONNECTOR:9:LVDS-1]"},
{M, 1, "[drm:drm_helper_probe_single_connector_modes], [CONNECTOR:9:LVDS-1] probed modes :"},
{M, 1, "[drm:drm_mode_debug_printmodeline], Modeline 23:\"1366x768\" 60 69300 1366 1414 1446 1456 768 771 777 793 0x48 0xa"},
{M, 1, "[drm:drm_mode_getconnector], [CONNECTOR:9:?]"},
{M, 1, "[drm:drm_mode_getconnector], [CONNECTOR:15:?]"},
{M, 1, "[drm:drm_helper_probe_single_connector_modes], [CONNECTOR:15:VGA-1]"},
{M, 1, "[drm:intel_ironlake_crt_detect_hotplug], ironlake hotplug adpa=0xf40000, result 0"},
{M, 1, "[drm:intel_crt_detect], CRT not detected via hotplug"},
{M, 1, "[drm:drm_helper_probe_single_connector_modes], [CONNECTOR:15:VGA-1] disconnected"},
{M, 1, "[drm:drm_mode_getconnector], [CONNECTOR:15:?]"},
{M, 1, "[drm:drm_helper_probe_single_connector_modes], [CONNECTOR:15:VGA-1]"},
{M, 1, "[drm:intel_ironlake_crt_detect_hotplug], ironlake hotplug adpa=0xf40000, result 0"},
{M, 1, "[drm:intel_crt_detect], CRT not detected via hotplug"},
{M, 1, "[drm:drm_helper_probe_single_connector_modes], [CONNECTOR:15:VGA-1] disconnected"},
{M, 1, "[drm:drm_mode_getconnector], [CONNECTOR:18:?]"},
{M, 1, "[drm:drm_helper_probe_single_connector_modes], [CONNECTOR:18:HDMI-A-1]"},
{M, 1, "[drm:drm_helper_probe_single_connector_modes], [CONNECTOR:18:HDMI-A-1] disconnected"},
{M, 1, "[drm:drm_mode_getconnector], [CONNECTOR:18:?]"},
{M, 1, "[drm:drm_helper_probe_single_connector_modes], [CONNECTOR:18:HDMI-A-1]"},
{M, 1, "[drm:drm_helper_probe_single_connector_modes], [CONNECTOR:18:HDMI-A-1] disconnected"},
{M, 1, "[drm:drm_mode_getconnector], [CONNECTOR:21:?]"},
{M, 1, "[drm:drm_helper_probe_single_connector_modes], [CONNECTOR:21:DP-1]"},
{M, 3, "[drm:intel_dp_aux_ch], dp_aux_ch timeout status 0x5145003f"},
{M, 1, "[drm:intel_dp_detect], DPCD:0000000000000000"},
{M, 1, "[drm:drm_helper_probe_single_connector_modes], [CONNECTOR:21:DP-1] disconnected"},
{M, 1, "[drm:drm_mode_getconnector], [CONNECTOR:21:?]"},
{M, 1, "[drm:drm_helper_probe_single_connector_modes], [CONNECTOR:21:DP-1]"},
{M, 1, "[drm:intel_dp_aux_ch], dp_aux_ch timeout status 0x5145003f"},
{M, 1, "[drm:i915_driver_open], "},
{M, 2, "[drm:intel_dp_aux_ch], dp_aux_ch timeout status 0x5145003f"},
{M, 1, "[drm:intel_dp_detect], DPCD:0000000000000000"},
{M, 1, "[drm:drm_helper_probe_single_connector_modes], [CONNECTOR:21:DP-1] disconnected"},
{M, 1, "[drm:drm_mode_getconnector], [CONNECTOR:9:?]"},
{M, 1, "[drm:drm_helper_probe_single_connector_modes], [CONNECTOR:9:LVDS-1]"},
{M, 1, "[drm:drm_helper_probe_single_connector_modes], [CONNECTOR:9:LVDS-1] probed modes :"},
{M, 1, "[drm:drm_mode_debug_printmodeline], Modeline 23:\"1366x768\" 60 69300 1366 1414 1446 1456 768 771 777 793 0x48 0xa"},
{M, 1, "[drm:drm_mode_getconnector], [CONNECTOR:9:?]"},
{M, 1, "[drm:drm_mode_getconnector], [CONNECTOR:15:?]"},
{M, 1, "[drm:drm_helper_probe_single_connector_modes], [CONNECTOR:15:VGA-1]"},
{M, 1, "[drm:intel_ironlake_crt_detect_hotplug], ironlake hotplug adpa=0xf40000, result 0"},
{M, 1, "[drm:intel_crt_detect], CRT not detected via hotplug"},
{M, 1, "[drm:drm_helper_probe_single_connector_modes], [CONNECTOR:15:VGA-1] disconnected"},
{M, 1, "[drm:drm_mode_getconnector], [CONNECTOR:15:?]"},
{M, 1, "[drm:drm_helper_probe_single_connector_modes], [CONNECTOR:15:VGA-1]"},
{M, 1, "[drm:intel_ironlake_crt_detect_hotplug], ironlake hotplug adpa=0xf40000, result 0"},
{M, 1, "[drm:intel_crt_detect], CRT not detected via hotplug"},
{M, 1, "[drm:drm_helper_probe_single_connector_modes], [CONNECTOR:15:VGA-1] disconnected"},
{M, 1, "[drm:drm_mode_getconnector], [CONNECTOR:18:?]"},
{M, 1, "[drm:drm_helper_probe_single_connector_modes], [CONNECTOR:18:HDMI-A-1]"},
{M, 1, "[drm:drm_helper_probe_single_connector_modes], [CONNECTOR:18:HDMI-A-1] disconnected"},
{M, 1, "[drm:drm_mode_getconnector], [CONNECTOR:18:?]"},
{M, 1, "[drm:drm_helper_probe_single_connector_modes], [CONNECTOR:18:HDMI-A-1]"},
{M, 1, "[drm:drm_helper_probe_single_connector_modes], [CONNECTOR:18:HDMI-A-1] disconnected"},
{M, 1, "[drm:drm_mode_getconnector], [CONNECTOR:21:?]"},
{M, 1, "[drm:drm_helper_probe_single_connector_modes], [CONNECTOR:21:DP-1]"},
{M, 3, "[drm:intel_dp_aux_ch], dp_aux_ch timeout status 0x5145003f"},
{M, 1, "[drm:intel_dp_detect], DPCD:0000000000000000"},
{M, 1, "[drm:drm_helper_probe_single_connector_modes], [CONNECTOR:21:DP-1] disconnected"},
{M, 1, "[drm:drm_mode_getconnector], [CONNECTOR:21:?]"},
{M, 1, "[drm:drm_helper_probe_single_connector_modes], [CONNECTOR:21:DP-1]"},
{M, 3, "[drm:intel_dp_aux_ch], dp_aux_ch timeout status 0x5145003f"},
{M, 1, "[drm:intel_dp_detect], DPCD:0000000000000000"},
{M, 1, "[drm:drm_helper_probe_single_connector_modes], [CONNECTOR:21:DP-1] disconnected"},
{M, 1, "[drm:drm_mode_getconnector], [CONNECTOR:9:?]"},
{M, 1, "[drm:drm_helper_probe_single_connector_modes], [CONNECTOR:9:LVDS-1]"},
{M, 1, "[drm:drm_helper_probe_single_connector_modes], [CONNECTOR:9:LVDS-1] probed modes :"},
{M, 1, "[drm:drm_mode_debug_printmodeline], Modeline 23:\"1366x768\" 60 69300 1366 1414 1446 1456 768 771 777 793 0x48 0xa"},
{M, 1, "[drm:drm_mode_getconnector], [CONNECTOR:9:?]"},
{M, 1, "[drm:drm_mode_getconnector], [CONNECTOR:15:?]"},
{M, 1, "[drm:drm_helper_probe_single_connector_modes], [CONNECTOR:15:VGA-1]"},
{M, 1, "[drm:intel_ironlake_crt_detect_hotplug], ironlake hotplug adpa=0xf40000, result 0"},
{M, 1, "[drm:intel_crt_detect], CRT not detected via hotplug"},
{M, 1, "[drm:drm_helper_probe_single_connector_modes], [CONNECTOR:15:VGA-1] disconnected"},
{M, 1, "[drm:drm_mode_getconnector], [CONNECTOR:15:?]"},
{M, 1, "[drm:drm_helper_probe_single_connector_modes], [CONNECTOR:15:VGA-1]"},
{M, 1, "[drm:intel_ironlake_crt_detect_hotplug], ironlake hotplug adpa=0xf40000, result 0"},
{M, 1, "[drm:intel_crt_detect], CRT not detected via hotplug"},
{M, 1, "[drm:drm_helper_probe_single_connector_modes], [CONNECTOR:15:VGA-1] disconnected"},
{M, 1, "[drm:drm_mode_getconnector], [CONNECTOR:18:?]"},
{M, 1, "[drm:drm_helper_probe_single_connector_modes], [CONNECTOR:18:HDMI-A-1]"},
{M, 1, "[drm:drm_helper_probe_single_connector_modes], [CONNECTOR:18:HDMI-A-1] disconnected"},
{M, 1, "[drm:drm_mode_getconnector], [CONNECTOR:18:?]"},
{M, 1, "[drm:drm_helper_probe_single_connector_modes], [CONNECTOR:18:HDMI-A-1]"},
{M, 1, "[drm:drm_helper_probe_single_connector_modes], [CONNECTOR:18:HDMI-A-1] disconnected"},
{M, 1, "[drm:drm_mode_getconnector], [CONNECTOR:21:?]"},
{M, 1, "[drm:drm_helper_probe_single_connector_modes], [CONNECTOR:21:DP-1]"},
{M, 1, "[drm:intel_dp_aux_ch], dp_aux_ch timeout status 0x5145003f"},
{M, 1, "[drm:i915_getparam], Unknown parameter 19"},
{M, 2, "[drm:intel_dp_aux_ch], dp_aux_ch timeout status 0x5145003f"},
{M, 1, "[drm:intel_dp_detect], DPCD:0000000000000000"},
{M, 1, "[drm:drm_helper_probe_single_connector_modes], [CONNECTOR:21:DP-1] disconnected"},
{M, 1, "[drm:drm_mode_getconnector], [CONNECTOR:21:?]"},
{M, 1, "[drm:drm_helper_probe_single_connector_modes], [CONNECTOR:21:DP-1]"},
{M, 3, "[drm:intel_dp_aux_ch], dp_aux_ch timeout status 0x5145003f"},
{M, 1, "[drm:intel_dp_detect], DPCD:0000000000000000"},
{M, 1, "[drm:drm_helper_probe_single_connector_modes], [CONNECTOR:21:DP-1] disconnected"},
{M, 1, "[drm:drm_mode_setcrtc], [CRTC:3]"},
{M, 1, "[drm:drm_mode_setcrtc], [CONNECTOR:9:LVDS-1]"},
{M, 1, "[drm:drm_crtc_helper_set_config], "},
{M, 1, "[drm:drm_crtc_helper_set_config], [CRTC:3] [FB:25] #connectors=1 (x y) (0 0)"},
{M, 1, "[drm:drm_crtc_helper_set_config], [CONNECTOR:9:LVDS-1] to [CRTC:3]"},
{M, 1, "[drm:drm_mode_addfb], [FB:26]"},
{M, 1, "[drm:intel_update_fbc], "},
{M, 1, "[drm:drm_mode_addfb], [FB:27]"},
{M, 69, "[drm:intel_update_fbc], "},
{M, 1, "low_mem:setting minfree to 211968 kB"},
{M, 2, "[drm:intel_update_fbc], "},
{M, 1, "fuse init (API version 7.18)"},
{M, 1, "[drm:intel_update_fbc], "},
{M, 1, "rtc_cmos 00:07:RTC can wake from S4"},
{M, 1, "rtc_cmos 00:07:rtc core:registered rtc_cmos as rtc0"},
{M, 1, "rtc0:alarms up to one month, 242 bytes nvram, hpet irqs"},
{M, 1, "r8169 0000:04:00.0:eth0:link up"},
{M, 1, "ADDRCONF(NETDEV_CHANGE):eth0:link becomes ready"},
{M, 1, "nm10_gpio version 0.04 built on Feb  1 2013 at 11:00:17"},
{M, 1, "gpiochip_find_base:found new base at 160"},
{M, 1, "gpiochip_add:registered GPIOs 160 to 255 on device:0000:00:1f.0"},
{M, 1, "zsmalloc:module is from the staging directory, the quality is unknown, you have been warned."},
{M, 1, "cfg80211:Calling CRDA to update world regulatory domain"},
{M, 1, "[drm:intel_update_fbc], "},
{M, 1, "zram:module is from the staging directory, the quality is unknown, you have been warned."},
{M, 1, "zram:num_devices not specified. Using default:1"},
{M, 1, "zram:Creating 1 devices ..."},
{M, 1, "[drm:intel_update_fbc], "},
{M, 1, "rts_pstor:module is from the staging directory, the quality is unknown, you have been warned."},
{M, 1, "Initializing Realtek PCIE storage driver..."},
R 1esource length:0x1000
{M, 1, "Original address:0xe0500000, remapped address:0xffffc90000038000"},
{M, 1, "pci->irq = 18"},
{M, 1, "rtsx_acquire_irq:chip->msi_en = 0, pci->irq = 18"},
{M, 2, "[drm:intel_update_fbc], "},
{M, 1, "Adding 5999996k swap on /dev/zram0.  Priority:-1 extents:1 across:5999996k SS"},
{M, 1, "snd_hda_intel 0000:00:1b.0:irq 48 for MSI/MSI-X"},
{M, 3, "[drm:intel_update_fbc], "},
{M, 1, "input:HDA Intel PCH HDMI/DP,pcm=3 as /devices/pci0000:00/0000:00:1b.0/sound/card0/input6"},
{M, 1, "input:HDA Intel PCH Mic as /devices/pci0000:00/0000:00:1b.0/sound/card0/input7"},
{M, 1, "input:HDA Intel PCH Headphone as /devices/pci0000:00/0000:00:1b.0/sound/card0/input8"},
{M, 1, "[drm:intel_update_fbc], "},
{M, 1, "ath:phy0:ASPM enabled:0x43"},
{M, 1, "ath:EEPROM regdomain:0x6a"},
{M, 1, "ath:EEPROM indicates we should expect a direct regpair map"},
{M, 1, "ath:Country alpha2 being used:00"},
{M, 1, "ath:Regpair used:0x6a"},
{M, 1, "[drm:intel_update_fbc], "},
{M, 1, "ieee80211 phy0:Selected rate control algorithm 'ath9k_btcoex_rate_cotnrol'"},
R 1egistered led device:ath9k-phy0
{M, 1, "ieee80211 phy0:Atheros AR9462 Rev:2 mem=0xffffc90016780000, irq=17"},
{M, 1, "Bluetooth:RFCOMM socket layer initialized"},
{M, 1, "Bluetooth:RFCOMM ver 1.11"},
{M, 1, "scsi6 :SCSI emulation for PCI-Express Mass Storage devices"},
{M, 1, "ieee80211 phy0:device now idle"},
{M, 2, "[drm:intel_update_fbc], "},
{M, 1, "rts_pstor:waiting for device to settle before scanning"},
{M, 1, "[drm:intel_update_fbc], "},
{M, 1, "ADDRCONF(NETDEV_UP):wlan0:link is not ready"},
{M, 1, "[drm:intel_update_fbc], "},
{M, 1, "ieee80211 phy0:device no longer idle - scanning"},
{M, 2, "[drm:intel_update_fbc], "},
{M, 1, "i2c /dev entries driver"},
{M, 4, "[drm:intel_update_fbc], "},
{M, 1, "r8169 0000:04:00.0:eth0:link up"},
{M, 1, "ehci_hcd 0000:00:1a.0:setting latency timer to 64"},
{M, 1, "[drm:intel_update_fbc], "},
{M, 1, "scsi 6:0:0:0:Direct-Access     Generic- xD/SD/M.S.       1.00 PQ:0 ANSI:0 CCS"},
{M, 1, "rts_pstor:device scan complete"},
{M, 1, "sd 6:0:0:0:[sdb] Attached SCSI removable disk"},
{M, 1, "gpio_request:gpio-415 (sysfs) status -22"},
{M, 1, "export_store:status -22"},
{M, 4, "[drm:intel_update_fbc], "},
{M, 1, "psmouse serio5:trackpoint:IBM TrackPoint firmware:0x0e, buttons:3/3"},
{M, 1, "input:TPPS/2 IBM TrackPoint as /devices/platform/i8042/serio4/serio5/input/input9"},
{M, 2, "[drm:intel_update_fbc], "},
{M, 1, "ieee80211 phy0:device now idle"},
{M, 2, "[drm:intel_update_fbc], "},
{M, 1, "init:bootcache main process (2963) terminated with status 2"},
{M, 4, "[drm:intel_update_fbc], "},
{M, 1, "[drm:intel_ironlake_crt_detect_hotplug], ironlake hotplug adpa=0xf40000, result 0"},
{M, 1, "[drm:intel_crt_detect], CRT not detected via hotplug"},
{M, 1, "[drm:output_poll_execute], [CONNECTOR:15:VGA-1] status updated from 2 to 2"},
{M, 1, "[drm:output_poll_execute], [CONNECTOR:18:HDMI-A-1] status updated from 2 to 2"},
{M, 3, "[drm:intel_dp_aux_ch], dp_aux_ch timeout status 0x5145003f"},
{M, 1, "[drm:intel_dp_detect], DPCD:0000000000000000"},
{M, 1, "[drm:output_poll_execute], [CONNECTOR:21:DP-1] status updated from 2 to 2"},
{M, 15, "[drm:intel_update_fbc], "},
{M, 1, "ieee80211 phy0:device no longer idle - scanning"},
{M, 6, "[drm:intel_update_fbc], "},
{M, 1, "ieee80211 phy0:device now idle"},
{M, 20, "[drm:intel_update_fbc], "},
{M, 1, "ieee80211 phy0:device no longer idle - scanning"},
{M, 7, "[drm:intel_update_fbc], "},
{M, 1, "ieee80211 phy0:device now idle"},
{M, 20, "[drm:intel_update_fbc], "},
{M, 1, "ieee80211 phy0:device no longer idle - scanning"},
{M, 7, "[drm:intel_update_fbc], "},
{M, 1, "ieee80211 phy0:device now idle"},
{M, 2, "[drm:intel_update_fbc], "},
{M, 1, "gpio_request:gpio-415 (sysfs) status -22"},
{M, 1, "export_store:status -22"},
{M, 20, "[drm:intel_update_fbc], "},
{M, 1, "gpio_request:gpio-415 (sysfs) status -22"},
{M, 1, "export_store:status -22"},
{M, 93, "[drm:intel_update_fbc], "},
{M, 1, "[drm:drm_crtc_helper_set_config], "},
{M, 1, "[drm:drm_crtc_helper_set_config], [CRTC:3] [FB:24] #connectors=1 (x y) (0 0)"},
{M, 1, "[drm:drm_crtc_helper_set_config], [CONNECTOR:9:LVDS-1] to [CRTC:3]"},
{M, 1, "[drm:ironlake_update_plane], Writing base 00064000 00000000 0 0 5504"},
{M, 1, "[drm:intel_update_fbc], "},
{M, 1, "[drm:intel_prepare_page_flip], preparing flip with no unpin work?"},
{M, 1, "[drm:intel_wait_for_vblank], vblank wait timed out"},
{M, 1, "[drm:drm_crtc_helper_set_config], "},
{M, 1, "[drm:drm_crtc_helper_set_config], [CRTC:3] [FB:24] #connectors=1 (x y) (0 0)"},
{M, 1, "[drm:drm_crtc_helper_set_config], [CONNECTOR:9:LVDS-1] to [CRTC:3]"},
{M, 1, "[drm:drm_crtc_helper_set_config], "},
{M, 1, "[drm:drm_crtc_helper_set_config], [CRTC:5] [NOFB]"},
{M, 1, "[drm:drm_crtc_helper_set_config], "},
{M, 1, "[drm:drm_crtc_helper_set_config], [CRTC:7] [NOFB]"},
{M, 1, "[drm:drm_crtc_helper_set_config], "},
{M, 1, "[drm:drm_crtc_helper_set_config], [CRTC:3] [FB:24] #connectors=1 (x y) (0 0)"},
{M, 1, "[drm:drm_crtc_helper_set_config], [CONNECTOR:9:LVDS-1] to [CRTC:3]"},
{M, 1, "[drm:drm_crtc_helper_set_config], "},
{M, 1, "[drm:drm_crtc_helper_set_config], [CRTC:3] [FB:24] #connectors=1 (x y) (0 0)"},
{M, 1, "[drm:drm_crtc_helper_set_config], [CONNECTOR:9:LVDS-1] to [CRTC:3]"},
